d:\maki\main\maki\sushimi\x64\debug\map.obj
d:\maki\main\maki\sushimi\x64\debug\main.obj
d:\maki\main\maki\sushimi\x64\debug\leveleditor.obj
d:\maki\main\maki\sushimi\x64\debug\font.obj
d:\maki\main\maki\sushimi\x64\debug\window.obj
d:\maki\main\maki\sushimi\x64\debug\shaderlibrary.obj
d:\maki\main\maki\sushimi\x64\debug\scenemanager.obj
d:\maki\main\maki\sushimi\x64\debug\imgui_impl_glfw.obj
d:\maki\main\maki\sushimi\x64\debug\debug.obj
d:\maki\main\maki\sushimi\x64\debug\camera2d.obj
d:\maki\main\maki\sushimi\x64\debug\collision.obj
d:\maki\main\maki\sushimi\x64\debug\texture.obj
d:\maki\main\maki\sushimi\x64\debug\jsonserializer.obj
d:\maki\main\maki\sushimi\x64\debug\linkedlist.obj
d:\maki\main\maki\sushimi\x64\debug\transformer.obj
d:\maki\main\maki\sushimi\x64\debug\player.obj
d:\maki\main\maki\sushimi\x64\debug\imgui_demo.obj
d:\maki\main\maki\sushimi\x64\debug\imgui_impl_opengl3.obj
d:\maki\main\maki\sushimi\x64\debug\imgui_widgets.obj
d:\maki\main\maki\sushimi\x64\debug\animation2d.obj
d:\maki\main\maki\sushimi\x64\debug\physics.obj
d:\maki\main\maki\sushimi\x64\debug\core.obj
d:\maki\main\maki\sushimi\x64\debug\input.obj
d:\maki\main\maki\sushimi\x64\debug\camerasystem.obj
d:\maki\main\maki\sushimi\x64\debug\physicsystem.obj
d:\maki\main\maki\sushimi\x64\debug\gameobject.obj
d:\maki\main\maki\sushimi\x64\debug\imgui.obj
d:\maki\main\maki\sushimi\x64\debug\rectangle.obj
d:\maki\main\maki\sushimi\x64\debug\sprite.obj
d:\maki\main\maki\sushimi\x64\debug\cutscene.obj
d:\maki\main\maki\sushimi\x64\debug\factory.obj
d:\maki\main\maki\sushimi\x64\debug\messaging.obj
d:\maki\main\maki\sushimi\x64\debug\glslshader.obj
d:\maki\main\maki\sushimi\x64\debug\systemframe.obj
d:\maki\main\maki\sushimi\x64\debug\texturesystem.obj
d:\maki\main\maki\sushimi\x64\debug\timer.obj
d:\maki\main\maki\sushimi\x64\debug\log.obj
d:\maki\main\maki\sushimi\x64\debug\matrix.obj
d:\maki\main\maki\sushimi\x64\debug\user.obj
d:\maki\main\maki\sushimi\x64\debug\gamewindow.obj
d:\maki\main\maki\sushimi\x64\debug\imgui_draw.obj
d:\maki\main\maki\sushimi\x64\debug\imgui_tables.obj
d:\maki\main\maki\sushimi\x64\debug\editorlayer.obj
d:\maki\main\maki\sushimi\x64\debug\audioengine.obj
d:\maki\main\maki\sushimi\x64\debug\component.obj
d:\maki\main\maki\sushimi\x64\debug\transform.obj
d:\maki\main\maki\sushimi\x64\debug\model.obj
d:\maki\main\maki\sushimi\x64\debug\shaderprogram.obj
d:\maki\main\maki\sushimi\x64\debug\glhelper.obj
d:\maki\main\maki\sushimi\x64\debug\renderer.obj
d:\maki\main\maki\sushimi\x64\debug\vc142.pdb
d:\maki\main\maki\sushimi\x64\debug\level2.obj
d:\maki\main\maki\sushimi\x64\debug\level6.obj
d:\maki\main\maki\sushimi\x64\debug\testlevel.obj
d:\maki\main\maki\sushimi\x64\debug\level1.obj
d:\maki\main\maki\sushimi\x64\debug\level5.obj
d:\maki\main\maki\sushimi\x64\debug\level9.obj
d:\maki\main\maki\sushimi\x64\debug\level3.obj
d:\maki\main\maki\sushimi\x64\debug\level7.obj
d:\maki\main\maki\sushimi\x64\debug\tutorial1.obj
d:\maki\main\maki\sushimi\x64\debug\level4.obj
d:\maki\main\maki\sushimi\x64\debug\level8.obj
d:\maki\main\maki\sushimi\x64\debug\tutorial2.obj
d:\maki\main\maki\sushimi\x64\debug\level10.obj
d:\maki\main\maki\sushimi\x64\debug\level11.obj
d:\maki\main\maki\x64\debug\sushimi.exe
d:\maki\main\maki\sushimi\x64\debug\sushimi.ilk
d:\maki\main\maki\x64\debug\sushimi.pdb
d:\maki\main\maki\sushimi\x64\debug\vc142.idb
d:\maki\main\maki\sushimi\x64\debug\sushimi.tlog\cl.command.1.tlog
d:\maki\main\maki\sushimi\x64\debug\sushimi.tlog\cl.read.1.tlog
d:\maki\main\maki\sushimi\x64\debug\sushimi.tlog\cl.write.1.tlog
d:\maki\main\maki\sushimi\x64\debug\sushimi.tlog\link.command.1.tlog
d:\maki\main\maki\sushimi\x64\debug\sushimi.tlog\link.read.1.tlog
d:\maki\main\maki\sushimi\x64\debug\sushimi.tlog\link.write.1.tlog
