  Sprite.cpp
  Map.cpp
  Player.cpp
  SceneManager.cpp
  Window.cpp
C:\Users\theas\Documents\GitHub\maki\Main\maki\SushiMi\src\Window.h(74): warning C4091: 'inline static ': ignored on left of 'Core::Window::ScreenDimensions' when no variable is declared (compiling source file src\Window.cpp)
C:\Users\theas\Documents\GitHub\maki\Main\maki\SushiMi\src\Window.h(25,28): warning C4100: 'dt': unreferenced formal parameter (compiling source file src\Window.cpp)
C:\Users\theas\Documents\GitHub\maki\Main\maki\SushiMi\src\Window.h(74): warning C4091: 'inline static ': ignored on left of 'Core::Window::ScreenDimensions' when no variable is declared (compiling source file Engine\TileMap\Map.cpp)
C:\Users\theas\Documents\GitHub\maki\Main\maki\SushiMi\src\Window.h(25,28): warning C4100: 'dt': unreferenced formal parameter (compiling source file Engine\TileMap\Map.cpp)
C:\Program Files (x86)\Windows Kits\10\Include\10.0.19041.0\shared\minwindef.h(130,1): warning C4005: 'APIENTRY': macro redefinition (compiling source file Engine\TileMap\Map.cpp)
C:\Users\theas\Documents\GitHub\maki\Main\maki\lib\glfw\include\GLFW\glfw3.h(123): message : see previous definition of 'APIENTRY' (compiling source file Engine\TileMap\Map.cpp)
C:\Program Files (x86)\Windows Kits\10\Include\10.0.19041.0\shared\minwindef.h(130,1): warning C4005: 'APIENTRY': macro redefinition (compiling source file src\Window.cpp)
C:\Users\theas\Documents\GitHub\maki\Main\maki\lib\glfw\include\GLFW\glfw3.h(123): message : see previous definition of 'APIENTRY' (compiling source file src\Window.cpp)
C:\Users\theas\Documents\GitHub\maki\Main\maki\SushiMi\Editors\LevelEditor.h(84,29): warning C4100: 'dt': unreferenced formal parameter (compiling source file Engine\TileMap\Map.cpp)
C:\Users\theas\Documents\GitHub\maki\Main\maki\SushiMi\Editors\LevelEditor.h(84,29): warning C4100: 'dt': unreferenced formal parameter (compiling source file src\Window.cpp)
C:\Users\theas\Documents\GitHub\maki\Main\maki\SushiMi\Engine\Animation\Animation2D.h(18,15): warning C4099: 'Core::Texture': type name first seen using 'struct' now seen using 'class' (compiling source file Game Object\Player.cpp)
C:\Users\theas\Documents\GitHub\maki\Main\maki\SushiMi\Engine\Components\Texture\Texture.h(19): message : see declaration of 'Core::Texture' (compiling source file Game Object\Player.cpp)
C:\Users\theas\Documents\GitHub\maki\Main\maki\SushiMi\Engine\Animation\Animation2D.h(18,15): warning C4099: 'Core::Texture': type name first seen using 'struct' now seen using 'class' (compiling source file Engine\Components\Texture\Sprite.cpp)
C:\Users\theas\Documents\GitHub\maki\Main\maki\SushiMi\Engine\Components\Texture\Texture.h(19): message : see declaration of 'Core::Texture' (compiling source file Engine\Components\Texture\Sprite.cpp)
C:\Users\theas\Documents\GitHub\maki\Main\maki\SushiMi\src\Window.h(74): warning C4091: 'inline static ': ignored on left of 'Core::Window::ScreenDimensions' when no variable is declared (compiling source file Game Object\Player.cpp)
C:\Users\theas\Documents\GitHub\maki\Main\maki\SushiMi\src\Window.h(25,28): warning C4100: 'dt': unreferenced formal parameter (compiling source file Game Object\Player.cpp)
C:\Users\theas\Documents\GitHub\maki\Main\maki\SushiMi\src\Window.h(74): warning C4091: 'inline static ': ignored on left of 'Core::Window::ScreenDimensions' when no variable is declared (compiling source file Engine\Components\Texture\Sprite.cpp)
C:\Users\theas\Documents\GitHub\maki\Main\maki\SushiMi\src\Window.h(25,28): warning C4100: 'dt': unreferenced formal parameter (compiling source file Engine\Components\Texture\Sprite.cpp)
C:\Users\theas\Documents\GitHub\maki\Main\maki\SushiMi\Game Object\Player.cpp(162,52): warning C4244: '=': conversion from 'int' to 'T', possible loss of data
          with
          [
              T=float
          ]
C:\Users\theas\Documents\GitHub\maki\Main\maki\SushiMi\Game Object\Player.cpp(163,52): warning C4244: '=': conversion from 'int' to 'T', possible loss of data
          with
          [
              T=float
          ]
C:\Users\theas\Documents\GitHub\maki\Main\maki\SushiMi\Engine\Animation\Animation2D.h(18,15): warning C4099: 'Core::Texture': type name first seen using 'struct' now seen using 'class' (compiling source file src\SceneManager.cpp)
C:\Users\theas\Documents\GitHub\maki\Main\maki\SushiMi\Engine\Components\Texture\Texture.h(19): message : see declaration of 'Core::Texture' (compiling source file src\SceneManager.cpp)
C:\Users\theas\Documents\GitHub\maki\Main\maki\SushiMi\src\Window.h(74): warning C4091: 'inline static ': ignored on left of 'Core::Window::ScreenDimensions' when no variable is declared (compiling source file src\SceneManager.cpp)
C:\Users\theas\Documents\GitHub\maki\Main\maki\SushiMi\src\Window.h(25,28): warning C4100: 'dt': unreferenced formal parameter (compiling source file src\SceneManager.cpp)
C:\Users\theas\Documents\GitHub\maki\Main\maki\SushiMi\Engine\Animation\Animation2D.h(18,15): warning C4099: 'Core::Texture': type name first seen using 'struct' now seen using 'class' (compiling source file Engine\TileMap\Map.cpp)
C:\Users\theas\Documents\GitHub\maki\Main\maki\SushiMi\Engine\Components\Texture\Texture.h(19): message : see declaration of 'Core::Texture' (compiling source file Engine\TileMap\Map.cpp)
C:\Users\theas\Documents\GitHub\maki\Main\maki\SushiMi\Engine\TileMap\Map.cpp(105,22): warning C4244: '=': conversion from 'int' to 'float', possible loss of data
C:\Users\theas\Documents\GitHub\maki\Main\maki\SushiMi\Engine\TileMap\Map.cpp(106,24): warning C4244: '=': conversion from 'int' to 'float', possible loss of data
C:\Users\theas\Documents\GitHub\maki\Main\maki\SushiMi\Engine\TileMap\Map.cpp(119,69): warning C4244: '=': conversion from 'float' to 'int', possible loss of data
C:\Users\theas\Documents\GitHub\maki\Main\maki\SushiMi\Engine\TileMap\Map.cpp(120,69): warning C4244: '=': conversion from 'float' to 'int', possible loss of data
C:\Users\theas\Documents\GitHub\maki\Main\maki\SushiMi\Engine\TileMap\Map.cpp(138,104): warning C4244: 'argument': conversion from 'float' to 'int', possible loss of data
C:\Users\theas\Documents\GitHub\maki\Main\maki\SushiMi\Engine\TileMap\Map.cpp(138,62): warning C4244: 'argument': conversion from 'float' to 'int', possible loss of data
C:\Users\theas\Documents\GitHub\maki\Main\maki\SushiMi\Engine\TileMap\Map.cpp(139,112): warning C4244: 'argument': conversion from 'float' to 'int', possible loss of data
C:\Users\theas\Documents\GitHub\maki\Main\maki\SushiMi\Engine\TileMap\Map.cpp(139,70): warning C4244: 'argument': conversion from 'float' to 'int', possible loss of data
C:\Users\theas\Documents\GitHub\maki\Main\maki\SushiMi\Engine\TileMap\Map.cpp(150,104): warning C4244: 'argument': conversion from 'float' to 'int', possible loss of data
C:\Users\theas\Documents\GitHub\maki\Main\maki\SushiMi\Engine\TileMap\Map.cpp(150,62): warning C4244: 'argument': conversion from 'float' to 'int', possible loss of data
C:\Users\theas\Documents\GitHub\maki\Main\maki\SushiMi\Engine\TileMap\Map.cpp(151,112): warning C4244: 'argument': conversion from 'float' to 'int', possible loss of data
C:\Users\theas\Documents\GitHub\maki\Main\maki\SushiMi\Engine\TileMap\Map.cpp(151,70): warning C4244: 'argument': conversion from 'float' to 'int', possible loss of data
C:\Users\theas\Documents\GitHub\maki\Main\maki\SushiMi\Engine\TileMap\Map.cpp(159,104): warning C4244: 'argument': conversion from 'float' to 'int', possible loss of data
C:\Users\theas\Documents\GitHub\maki\Main\maki\SushiMi\Engine\TileMap\Map.cpp(159,62): warning C4244: 'argument': conversion from 'float' to 'int', possible loss of data
C:\Users\theas\Documents\GitHub\maki\Main\maki\SushiMi\Engine\TileMap\Map.cpp(160,112): warning C4244: 'argument': conversion from 'float' to 'int', possible loss of data
C:\Users\theas\Documents\GitHub\maki\Main\maki\SushiMi\Engine\TileMap\Map.cpp(160,70): warning C4244: 'argument': conversion from 'float' to 'int', possible loss of data
C:\Users\theas\Documents\GitHub\maki\Main\maki\SushiMi\Engine\TileMap\Map.cpp(170,104): warning C4244: 'argument': conversion from 'float' to 'int', possible loss of data
C:\Users\theas\Documents\GitHub\maki\Main\maki\SushiMi\Engine\TileMap\Map.cpp(170,62): warning C4244: 'argument': conversion from 'float' to 'int', possible loss of data
C:\Users\theas\Documents\GitHub\maki\Main\maki\SushiMi\Engine\TileMap\Map.cpp(184,104): warning C4244: 'argument': conversion from 'float' to 'int', possible loss of data
C:\Users\theas\Documents\GitHub\maki\Main\maki\SushiMi\Engine\TileMap\Map.cpp(184,62): warning C4244: 'argument': conversion from 'float' to 'int', possible loss of data
C:\Users\theas\Documents\GitHub\maki\Main\maki\SushiMi\Engine\TileMap\Map.cpp(197,104): warning C4244: 'argument': conversion from 'float' to 'int', possible loss of data
C:\Users\theas\Documents\GitHub\maki\Main\maki\SushiMi\Engine\TileMap\Map.cpp(197,62): warning C4244: 'argument': conversion from 'float' to 'int', possible loss of data
C:\Users\theas\Documents\GitHub\maki\Main\maki\SushiMi\Engine\TileMap\Map.cpp(207,104): warning C4244: 'argument': conversion from 'float' to 'int', possible loss of data
C:\Users\theas\Documents\GitHub\maki\Main\maki\SushiMi\Engine\TileMap\Map.cpp(207,62): warning C4244: 'argument': conversion from 'float' to 'int', possible loss of data
C:\Users\theas\Documents\GitHub\maki\Main\maki\SushiMi\Engine\TileMap\Map.cpp(216,104): warning C4244: 'argument': conversion from 'float' to 'int', possible loss of data
C:\Users\theas\Documents\GitHub\maki\Main\maki\SushiMi\Engine\TileMap\Map.cpp(216,62): warning C4244: 'argument': conversion from 'float' to 'int', possible loss of data
C:\Users\theas\Documents\GitHub\maki\Main\maki\SushiMi\Engine\TileMap\Map.cpp(225,104): warning C4244: 'argument': conversion from 'float' to 'int', possible loss of data
C:\Users\theas\Documents\GitHub\maki\Main\maki\SushiMi\Engine\TileMap\Map.cpp(225,62): warning C4244: 'argument': conversion from 'float' to 'int', possible loss of data
C:\Users\theas\Documents\GitHub\maki\Main\maki\SushiMi\Engine\TileMap\Map.cpp(234,104): warning C4244: 'argument': conversion from 'float' to 'int', possible loss of data
C:\Users\theas\Documents\GitHub\maki\Main\maki\SushiMi\Engine\TileMap\Map.cpp(234,62): warning C4244: 'argument': conversion from 'float' to 'int', possible loss of data
C:\Users\theas\Documents\GitHub\maki\Main\maki\SushiMi\Engine\TileMap\Map.cpp(244,104): warning C4244: 'argument': conversion from 'float' to 'int', possible loss of data
C:\Users\theas\Documents\GitHub\maki\Main\maki\SushiMi\Engine\TileMap\Map.cpp(244,62): warning C4244: 'argument': conversion from 'float' to 'int', possible loss of data
C:\Users\theas\Documents\GitHub\maki\Main\maki\SushiMi\Engine\TileMap\Map.cpp(254,104): warning C4244: 'argument': conversion from 'float' to 'int', possible loss of data
C:\Users\theas\Documents\GitHub\maki\Main\maki\SushiMi\Engine\TileMap\Map.cpp(254,62): warning C4244: 'argument': conversion from 'float' to 'int', possible loss of data
C:\Users\theas\Documents\GitHub\maki\Main\maki\SushiMi\Engine\TileMap\Map.cpp(264,104): warning C4244: 'argument': conversion from 'float' to 'int', possible loss of data
C:\Users\theas\Documents\GitHub\maki\Main\maki\SushiMi\Engine\TileMap\Map.cpp(264,62): warning C4244: 'argument': conversion from 'float' to 'int', possible loss of data
C:\Users\theas\Documents\GitHub\maki\Main\maki\SushiMi\Engine\TileMap\Map.cpp(274,104): warning C4244: 'argument': conversion from 'float' to 'int', possible loss of data
C:\Users\theas\Documents\GitHub\maki\Main\maki\SushiMi\Engine\TileMap\Map.cpp(274,62): warning C4244: 'argument': conversion from 'float' to 'int', possible loss of data
C:\Users\theas\Documents\GitHub\maki\Main\maki\SushiMi\Engine\TileMap\Map.cpp(284,104): warning C4244: 'argument': conversion from 'float' to 'int', possible loss of data
C:\Users\theas\Documents\GitHub\maki\Main\maki\SushiMi\Engine\TileMap\Map.cpp(284,62): warning C4244: 'argument': conversion from 'float' to 'int', possible loss of data
C:\Users\theas\Documents\GitHub\maki\Main\maki\SushiMi\Engine\TileMap\Map.cpp(294,104): warning C4244: 'argument': conversion from 'float' to 'int', possible loss of data
C:\Users\theas\Documents\GitHub\maki\Main\maki\SushiMi\Engine\TileMap\Map.cpp(294,62): warning C4244: 'argument': conversion from 'float' to 'int', possible loss of data
C:\Users\theas\Documents\GitHub\maki\Main\maki\SushiMi\Engine\TileMap\Map.cpp(304,104): warning C4244: 'argument': conversion from 'float' to 'int', possible loss of data
C:\Users\theas\Documents\GitHub\maki\Main\maki\SushiMi\Engine\TileMap\Map.cpp(304,62): warning C4244: 'argument': conversion from 'float' to 'int', possible loss of data
C:\Users\theas\Documents\GitHub\maki\Main\maki\SushiMi\Engine\TileMap\Map.cpp(314,104): warning C4244: 'argument': conversion from 'float' to 'int', possible loss of data
C:\Users\theas\Documents\GitHub\maki\Main\maki\SushiMi\Engine\TileMap\Map.cpp(314,62): warning C4244: 'argument': conversion from 'float' to 'int', possible loss of data
C:\Users\theas\Documents\GitHub\maki\Main\maki\SushiMi\Engine\TileMap\Map.cpp(324,104): warning C4244: 'argument': conversion from 'float' to 'int', possible loss of data
C:\Users\theas\Documents\GitHub\maki\Main\maki\SushiMi\Engine\TileMap\Map.cpp(324,62): warning C4244: 'argument': conversion from 'float' to 'int', possible loss of data
C:\Users\theas\Documents\GitHub\maki\Main\maki\SushiMi\Engine\TileMap\Map.cpp(335,104): warning C4244: 'argument': conversion from 'float' to 'int', possible loss of data
C:\Users\theas\Documents\GitHub\maki\Main\maki\SushiMi\Engine\TileMap\Map.cpp(335,62): warning C4244: 'argument': conversion from 'float' to 'int', possible loss of data
C:\Users\theas\Documents\GitHub\maki\Main\maki\SushiMi\Engine\TileMap\Map.cpp(346,104): warning C4244: 'argument': conversion from 'float' to 'int', possible loss of data
C:\Users\theas\Documents\GitHub\maki\Main\maki\SushiMi\Engine\TileMap\Map.cpp(346,62): warning C4244: 'argument': conversion from 'float' to 'int', possible loss of data
C:\Users\theas\Documents\GitHub\maki\Main\maki\SushiMi\Engine\TileMap\Map.cpp(384,18): warning C4389: '==': signed/unsigned mismatch
C:\Users\theas\Documents\GitHub\maki\Main\maki\SushiMi\Editors\LevelEditor.h(84,29): warning C4100: 'dt': unreferenced formal parameter (compiling source file src\SceneManager.cpp)
C:\Users\theas\Documents\GitHub\maki\Main\maki\SushiMi\Engine\Animation\Animation2D.h(18,15): warning C4099: 'Core::Texture': type name first seen using 'struct' now seen using 'class' (compiling source file src\Window.cpp)
C:\Users\theas\Documents\GitHub\maki\Main\maki\SushiMi\Engine\Components\Texture\Texture.h(19): message : see declaration of 'Core::Texture' (compiling source file src\Window.cpp)
C:\Users\theas\Documents\GitHub\maki\Main\maki\SushiMi\src\SceneManager.cpp(32,41): warning C4100: 'dt': unreferenced formal parameter
C:\Users\theas\Documents\GitHub\maki\Main\maki\SushiMi\src\SceneManager.cpp(78,66): warning C4100: 'posY': unreferenced formal parameter
C:\Users\theas\Documents\GitHub\maki\Main\maki\SushiMi\src\SceneManager.cpp(78,56): warning C4100: 'posX': unreferenced formal parameter
C:\Users\theas\Documents\GitHub\maki\Main\maki\SushiMi\src\Window.cpp(58,76): warning C4100: 'mod': unreferenced formal parameter
C:\Users\theas\Documents\GitHub\maki\Main\maki\SushiMi\src\Window.cpp(58,50): warning C4100: 'scancode': unreferenced formal parameter
C:\Users\theas\Documents\GitHub\maki\Main\maki\SushiMi\src\Window.cpp(58,41): warning C4100: 'key': unreferenced formal parameter
C:\Users\theas\Documents\GitHub\maki\Main\maki\SushiMi\src\Window.cpp(58,31): warning C4100: 'pwin': unreferenced formal parameter
C:\Users\theas\Documents\GitHub\maki\Main\maki\SushiMi\src\Window.cpp(194,52): warning C4244: '=': conversion from 'int' to 'float', possible loss of data
C:\Users\theas\Documents\GitHub\maki\Main\maki\SushiMi\src\Window.cpp(195,52): warning C4244: '=': conversion from 'int' to 'float', possible loss of data
C:\Users\theas\Documents\GitHub\maki\Main\maki\SushiMi\src\Window.cpp(296,62): warning C4244: '=': conversion from 'int' to 'T', possible loss of data
          with
          [
              T=float
          ]
C:\Users\theas\Documents\GitHub\maki\Main\maki\SushiMi\src\Window.cpp(297,62): warning C4244: '=': conversion from 'int' to 'T', possible loss of data
          with
          [
              T=float
          ]
C:\Users\theas\Documents\GitHub\maki\Main\maki\SushiMi\src\Window.cpp(306,52): warning C4244: '=': conversion from 'int' to 'float', possible loss of data
C:\Users\theas\Documents\GitHub\maki\Main\maki\SushiMi\src\Window.cpp(307,52): warning C4244: '=': conversion from 'int' to 'float', possible loss of data
C:\Users\theas\Documents\GitHub\maki\Main\maki\SushiMi\src\Window.cpp(397,52): warning C4244: '=': conversion from 'int' to 'float', possible loss of data
C:\Users\theas\Documents\GitHub\maki\Main\maki\SushiMi\src\Window.cpp(398,52): warning C4244: '=': conversion from 'int' to 'float', possible loss of data
C:\Users\theas\Documents\GitHub\maki\Main\maki\SushiMi\src\Window.cpp(565,67): warning C4244: 'argument': conversion from 'double' to 'int', possible loss of data
C:\Users\theas\Documents\GitHub\maki\Main\maki\SushiMi\src\Window.cpp(565,46): warning C4244: 'argument': conversion from 'double' to 'int', possible loss of data
C:\Users\theas\Documents\GitHub\maki\Main\maki\SushiMi\src\Window.cpp(628,67): warning C4244: 'argument': conversion from 'double' to 'int', possible loss of data
C:\Users\theas\Documents\GitHub\maki\Main\maki\SushiMi\src\Window.cpp(628,46): warning C4244: 'argument': conversion from 'double' to 'int', possible loss of data
  SushiMi.vcxproj -> C:\Users\theas\Documents\GitHub\maki\Main\maki\x64\Editor\SushiMi.exe
