c:\users\theas\documents\github\maki\main\maki\sushimi\x64\release\input.obj
c:\users\theas\documents\github\maki\main\maki\sushimi\x64\release\map.obj
c:\users\theas\documents\github\maki\main\maki\sushimi\x64\release\main.obj
c:\users\theas\documents\github\maki\main\maki\sushimi\x64\release\sprite.obj
c:\users\theas\documents\github\maki\main\maki\sushimi\x64\release\player.obj
c:\users\theas\documents\github\maki\main\maki\sushimi\x64\release\jsonserializer.obj
c:\users\theas\documents\github\maki\main\maki\sushimi\x64\release\scenemanager.obj
c:\users\theas\documents\github\maki\main\maki\sushimi\x64\release\core.obj
c:\users\theas\documents\github\maki\main\maki\sushimi\x64\release\leveleditor.obj
c:\users\theas\documents\github\maki\main\maki\sushimi\x64\release\window.obj
c:\users\theas\documents\github\maki\main\maki\sushimi\x64\release\shaderlibrary.obj
c:\users\theas\documents\github\maki\main\maki\sushimi\x64\release\font.obj
c:\users\theas\documents\github\maki\main\maki\sushimi\x64\release\imgui_widgets.obj
c:\users\theas\documents\github\maki\main\maki\sushimi\x64\release\glslshader.obj
c:\users\theas\documents\github\maki\main\maki\sushimi\x64\release\log.obj
c:\users\theas\documents\github\maki\main\maki\sushimi\x64\release\imgui_impl_glfw.obj
c:\users\theas\documents\github\maki\main\maki\sushimi\x64\release\texture.obj
c:\users\theas\documents\github\maki\main\maki\sushimi\x64\release\messaging.obj
c:\users\theas\documents\github\maki\main\maki\sushimi\x64\release\gameobject.obj
c:\users\theas\documents\github\maki\main\maki\sushimi\x64\release\imgui_draw.obj
c:\users\theas\documents\github\maki\main\maki\sushimi\x64\release\rectangle.obj
c:\users\theas\documents\github\maki\main\maki\sushimi\x64\release\cutscene.obj
c:\users\theas\documents\github\maki\main\maki\sushimi\x64\release\factory.obj
c:\users\theas\documents\github\maki\main\maki\sushimi\x64\release\renderer.obj
c:\users\theas\documents\github\maki\main\maki\sushimi\x64\release\glhelper.obj
c:\users\theas\documents\github\maki\main\maki\sushimi\x64\release\user.obj
c:\users\theas\documents\github\maki\main\maki\sushimi\x64\release\gamewindow.obj
c:\users\theas\documents\github\maki\main\maki\sushimi\x64\release\animation2d.obj
c:\users\theas\documents\github\maki\main\maki\sushimi\x64\release\texturesystem.obj
c:\users\theas\documents\github\maki\main\maki\sushimi\x64\release\imgui.obj
c:\users\theas\documents\github\maki\main\maki\sushimi\x64\release\transform.obj
c:\users\theas\documents\github\maki\main\maki\sushimi\x64\release\physicsystem.obj
c:\users\theas\documents\github\maki\main\maki\sushimi\x64\release\audioengine.obj
c:\users\theas\documents\github\maki\main\maki\sushimi\x64\release\camera2d.obj
c:\users\theas\documents\github\maki\main\maki\sushimi\x64\release\linkedlist.obj
c:\users\theas\documents\github\maki\main\maki\sushimi\x64\release\imgui_demo.obj
c:\users\theas\documents\github\maki\main\maki\sushimi\x64\release\physics.obj
c:\users\theas\documents\github\maki\main\maki\sushimi\x64\release\imgui_tables.obj
c:\users\theas\documents\github\maki\main\maki\sushimi\x64\release\component.obj
c:\users\theas\documents\github\maki\main\maki\sushimi\x64\release\camerasystem.obj
c:\users\theas\documents\github\maki\main\maki\sushimi\x64\release\matrix.obj
c:\users\theas\documents\github\maki\main\maki\sushimi\x64\release\imgui_impl_opengl3.obj
c:\users\theas\documents\github\maki\main\maki\sushimi\x64\release\collision.obj
c:\users\theas\documents\github\maki\main\maki\sushimi\x64\release\shaderprogram.obj
c:\users\theas\documents\github\maki\main\maki\sushimi\x64\release\systemframe.obj
c:\users\theas\documents\github\maki\main\maki\sushimi\x64\release\transformer.obj
c:\users\theas\documents\github\maki\main\maki\sushimi\x64\release\debug.obj
c:\users\theas\documents\github\maki\main\maki\sushimi\x64\release\model.obj
c:\users\theas\documents\github\maki\main\maki\sushimi\x64\release\timer.obj
c:\users\theas\documents\github\maki\main\maki\sushimi\x64\release\vc142.pdb
c:\users\theas\documents\github\maki\main\maki\sushimi\x64\release\editorlayer.obj
c:\users\theas\documents\github\maki\main\maki\x64\release\sushimi.exe
c:\users\theas\documents\github\maki\main\maki\sushimi\x64\release\sushimi.ipdb
c:\users\theas\documents\github\maki\main\maki\sushimi\x64\release\sushimi.iobj
c:\users\theas\documents\github\maki\main\maki\x64\release\sushimi.pdb
c:\users\theas\documents\github\maki\main\maki\sushimi\x64\release\sushimi.tlog\cl.command.1.tlog
c:\users\theas\documents\github\maki\main\maki\sushimi\x64\release\sushimi.tlog\cl.read.1.tlog
c:\users\theas\documents\github\maki\main\maki\sushimi\x64\release\sushimi.tlog\cl.write.1.tlog
c:\users\theas\documents\github\maki\main\maki\sushimi\x64\release\sushimi.tlog\link.command.1.tlog
c:\users\theas\documents\github\maki\main\maki\sushimi\x64\release\sushimi.tlog\link.read.1.tlog
c:\users\theas\documents\github\maki\main\maki\sushimi\x64\release\sushimi.tlog\link.write.1.tlog
