  LevelEditor.cpp
  Animation2D.cpp
  Sprite.cpp
  Font.cpp
  JSONSerializer.cpp
  ShaderLibrary.cpp
  ShaderProgram.cpp
  Map.cpp
  Player.cpp
  SceneManager.cpp
  Window.cpp
  main.cpp
C:\Users\theas\Documents\GitHub\maki\Main\maki\SushiMi\src\Window.h(91): warning C4091: 'inline static ': ignored on left of 'Core::Window::ScreenDimensions' when no variable is declared (compiling source file Engine\TileMap\Map.cpp)
C:\Users\theas\Documents\GitHub\maki\Main\maki\SushiMi\src\Window.h(25,28): warning C4100: 'dt': unreferenced formal parameter (compiling source file Engine\TileMap\Map.cpp)
C:\Users\theas\Documents\GitHub\maki\Main\maki\SushiMi\src\Window.h(91): warning C4091: 'inline static ': ignored on left of 'Core::Window::ScreenDimensions' when no variable is declared (compiling source file src\Window.cpp)
C:\Users\theas\Documents\GitHub\maki\Main\maki\SushiMi\src\Window.h(25,28): warning C4100: 'dt': unreferenced formal parameter (compiling source file src\Window.cpp)
C:\Program Files (x86)\Windows Kits\10\Include\10.0.19041.0\shared\minwindef.h(130,1): warning C4005: 'APIENTRY': macro redefinition (compiling source file Engine\TileMap\Map.cpp)
C:\Users\theas\Documents\GitHub\maki\Main\maki\lib\glfw\include\GLFW\glfw3.h(123): message : see previous definition of 'APIENTRY' (compiling source file Engine\TileMap\Map.cpp)
C:\Program Files (x86)\Windows Kits\10\Include\10.0.19041.0\shared\minwindef.h(130,1): warning C4005: 'APIENTRY': macro redefinition (compiling source file src\Window.cpp)
C:\Users\theas\Documents\GitHub\maki\Main\maki\lib\glfw\include\GLFW\glfw3.h(123): message : see previous definition of 'APIENTRY' (compiling source file src\Window.cpp)
C:\Users\theas\Documents\GitHub\maki\Main\maki\SushiMi\Engine\Animation\Animation2D.cpp(64,77): warning C4100: 'deltatime': unreferenced formal parameter
C:\Users\theas\Documents\GitHub\maki\Main\maki\SushiMi\src\Window.h(91): warning C4091: 'inline static ': ignored on left of 'Core::Window::ScreenDimensions' when no variable is declared (compiling source file Editors\LevelEditor.cpp)
C:\Users\theas\Documents\GitHub\maki\Main\maki\SushiMi\src\Window.h(25,28): warning C4100: 'dt': unreferenced formal parameter (compiling source file Editors\LevelEditor.cpp)
C:\Users\theas\Documents\GitHub\maki\Main\maki\SushiMi\Engine\Font\Font.cpp(87,33): warning C4838: conversion from 'FT_Pos' to 'unsigned int' requires a narrowing conversion
C:\Users\theas\Documents\GitHub\maki\Main\maki\SushiMi\src\Window.h(91): warning C4091: 'inline static ': ignored on left of 'Core::Window::ScreenDimensions' when no variable is declared (compiling source file Engine\Components\Texture\Sprite.cpp)
C:\Users\theas\Documents\GitHub\maki\Main\maki\SushiMi\src\Window.h(25,28): warning C4100: 'dt': unreferenced formal parameter (compiling source file Engine\Components\Texture\Sprite.cpp)
C:\Users\theas\Documents\GitHub\maki\Main\maki\SushiMi\src\Window.h(91): warning C4091: 'inline static ': ignored on left of 'Core::Window::ScreenDimensions' when no variable is declared (compiling source file src\main.cpp)
C:\Users\theas\Documents\GitHub\maki\Main\maki\SushiMi\src\Window.h(25,28): warning C4100: 'dt': unreferenced formal parameter (compiling source file src\main.cpp)
C:\Users\theas\Documents\GitHub\maki\Main\maki\SushiMi\src\Window.h(91): warning C4091: 'inline static ': ignored on left of 'Core::Window::ScreenDimensions' when no variable is declared (compiling source file src\SceneManager.cpp)
C:\Users\theas\Documents\GitHub\maki\Main\maki\SushiMi\src\Window.h(25,28): warning C4100: 'dt': unreferenced formal parameter (compiling source file src\SceneManager.cpp)
C:\Users\theas\Documents\GitHub\maki\Main\maki\SushiMi\Engine\TileMap\Map.cpp(136,22): warning C4244: '=': conversion from 'int' to 'float', possible loss of data
C:\Users\theas\Documents\GitHub\maki\Main\maki\SushiMi\Engine\TileMap\Map.cpp(137,24): warning C4244: '=': conversion from 'int' to 'float', possible loss of data
C:\Users\theas\Documents\GitHub\maki\Main\maki\SushiMi\Engine\TileMap\Map.cpp(150,69): warning C4244: '=': conversion from 'float' to 'int', possible loss of data
C:\Users\theas\Documents\GitHub\maki\Main\maki\SushiMi\Engine\TileMap\Map.cpp(151,69): warning C4244: '=': conversion from 'float' to 'int', possible loss of data
C:\Users\theas\Documents\GitHub\maki\Main\maki\SushiMi\src\Window.h(91): warning C4091: 'inline static ': ignored on left of 'Core::Window::ScreenDimensions' when no variable is declared (compiling source file Game Object\Player.cpp)
C:\Users\theas\Documents\GitHub\maki\Main\maki\SushiMi\src\Window.h(25,28): warning C4100: 'dt': unreferenced formal parameter (compiling source file Game Object\Player.cpp)
C:\Users\theas\Documents\GitHub\maki\Main\maki\SushiMi\Engine\TileMap\Map.cpp(175,104): warning C4244: 'argument': conversion from 'float' to 'int', possible loss of data
C:\Users\theas\Documents\GitHub\maki\Main\maki\SushiMi\Engine\TileMap\Map.cpp(175,62): warning C4244: 'argument': conversion from 'float' to 'int', possible loss of data
C:\Users\theas\Documents\GitHub\maki\Main\maki\SushiMi\Engine\TileMap\Map.cpp(176,112): warning C4244: 'argument': conversion from 'float' to 'int', possible loss of data
C:\Users\theas\Documents\GitHub\maki\Main\maki\SushiMi\Engine\TileMap\Map.cpp(176,70): warning C4244: 'argument': conversion from 'float' to 'int', possible loss of data
C:\Users\theas\Documents\GitHub\maki\Main\maki\SushiMi\Engine\TileMap\Map.cpp(186,104): warning C4244: 'argument': conversion from 'float' to 'int', possible loss of data
C:\Users\theas\Documents\GitHub\maki\Main\maki\SushiMi\Engine\TileMap\Map.cpp(186,62): warning C4244: 'argument': conversion from 'float' to 'int', possible loss of data
C:\Users\theas\Documents\GitHub\maki\Main\maki\SushiMi\Engine\TileMap\Map.cpp(187,112): warning C4244: 'argument': conversion from 'float' to 'int', possible loss of data
C:\Users\theas\Documents\GitHub\maki\Main\maki\SushiMi\Engine\TileMap\Map.cpp(187,70): warning C4244: 'argument': conversion from 'float' to 'int', possible loss of data
C:\Users\theas\Documents\GitHub\maki\Main\maki\SushiMi\Engine\TileMap\Map.cpp(195,104): warning C4244: 'argument': conversion from 'float' to 'int', possible loss of data
C:\Users\theas\Documents\GitHub\maki\Main\maki\SushiMi\Engine\TileMap\Map.cpp(195,62): warning C4244: 'argument': conversion from 'float' to 'int', possible loss of data
C:\Users\theas\Documents\GitHub\maki\Main\maki\SushiMi\Engine\TileMap\Map.cpp(196,112): warning C4244: 'argument': conversion from 'float' to 'int', possible loss of data
C:\Users\theas\Documents\GitHub\maki\Main\maki\SushiMi\Engine\TileMap\Map.cpp(196,70): warning C4244: 'argument': conversion from 'float' to 'int', possible loss of data
C:\Users\theas\Documents\GitHub\maki\Main\maki\SushiMi\Engine\TileMap\Map.cpp(206,104): warning C4244: 'argument': conversion from 'float' to 'int', possible loss of data
C:\Users\theas\Documents\GitHub\maki\Main\maki\SushiMi\Engine\TileMap\Map.cpp(206,62): warning C4244: 'argument': conversion from 'float' to 'int', possible loss of data
C:\Users\theas\Documents\GitHub\maki\Main\maki\SushiMi\Engine\TileMap\Map.cpp(220,104): warning C4244: 'argument': conversion from 'float' to 'int', possible loss of data
C:\Users\theas\Documents\GitHub\maki\Main\maki\SushiMi\Engine\TileMap\Map.cpp(220,62): warning C4244: 'argument': conversion from 'float' to 'int', possible loss of data
C:\Users\theas\Documents\GitHub\maki\Main\maki\SushiMi\Engine\TileMap\Map.cpp(233,104): warning C4244: 'argument': conversion from 'float' to 'int', possible loss of data
C:\Users\theas\Documents\GitHub\maki\Main\maki\SushiMi\Engine\TileMap\Map.cpp(233,62): warning C4244: 'argument': conversion from 'float' to 'int', possible loss of data
C:\Users\theas\Documents\GitHub\maki\Main\maki\SushiMi\Engine\TileMap\Map.cpp(242,104): warning C4244: 'argument': conversion from 'float' to 'int', possible loss of data
C:\Users\theas\Documents\GitHub\maki\Main\maki\SushiMi\Engine\TileMap\Map.cpp(242,62): warning C4244: 'argument': conversion from 'float' to 'int', possible loss of data
C:\Users\theas\Documents\GitHub\maki\Main\maki\SushiMi\Engine\TileMap\Map.cpp(251,104): warning C4244: 'argument': conversion from 'float' to 'int', possible loss of data
C:\Users\theas\Documents\GitHub\maki\Main\maki\SushiMi\Engine\TileMap\Map.cpp(251,62): warning C4244: 'argument': conversion from 'float' to 'int', possible loss of data
C:\Users\theas\Documents\GitHub\maki\Main\maki\SushiMi\Engine\TileMap\Map.cpp(261,104): warning C4244: 'argument': conversion from 'float' to 'int', possible loss of data
C:\Users\theas\Documents\GitHub\maki\Main\maki\SushiMi\Engine\TileMap\Map.cpp(261,62): warning C4244: 'argument': conversion from 'float' to 'int', possible loss of data
C:\Users\theas\Documents\GitHub\maki\Main\maki\SushiMi\Engine\TileMap\Map.cpp(270,104): warning C4244: 'argument': conversion from 'float' to 'int', possible loss of data
C:\Users\theas\Documents\GitHub\maki\Main\maki\SushiMi\Engine\TileMap\Map.cpp(270,62): warning C4244: 'argument': conversion from 'float' to 'int', possible loss of data
C:\Users\theas\Documents\GitHub\maki\Main\maki\SushiMi\Engine\TileMap\Map.cpp(278,104): warning C4244: 'argument': conversion from 'float' to 'int', possible loss of data
C:\Users\theas\Documents\GitHub\maki\Main\maki\SushiMi\Engine\TileMap\Map.cpp(278,62): warning C4244: 'argument': conversion from 'float' to 'int', possible loss of data
C:\Users\theas\Documents\GitHub\maki\Main\maki\SushiMi\Engine\TileMap\Map.cpp(287,104): warning C4244: 'argument': conversion from 'float' to 'int', possible loss of data
C:\Users\theas\Documents\GitHub\maki\Main\maki\SushiMi\Engine\TileMap\Map.cpp(287,62): warning C4244: 'argument': conversion from 'float' to 'int', possible loss of data
C:\Users\theas\Documents\GitHub\maki\Main\maki\SushiMi\Engine\TileMap\Map.cpp(297,104): warning C4244: 'argument': conversion from 'float' to 'int', possible loss of data
C:\Users\theas\Documents\GitHub\maki\Main\maki\SushiMi\Engine\TileMap\Map.cpp(297,62): warning C4244: 'argument': conversion from 'float' to 'int', possible loss of data
C:\Users\theas\Documents\GitHub\maki\Main\maki\SushiMi\Engine\TileMap\Map.cpp(307,104): warning C4244: 'argument': conversion from 'float' to 'int', possible loss of data
C:\Users\theas\Documents\GitHub\maki\Main\maki\SushiMi\Engine\TileMap\Map.cpp(307,62): warning C4244: 'argument': conversion from 'float' to 'int', possible loss of data
C:\Users\theas\Documents\GitHub\maki\Main\maki\SushiMi\Engine\TileMap\Map.cpp(317,104): warning C4244: 'argument': conversion from 'float' to 'int', possible loss of data
C:\Users\theas\Documents\GitHub\maki\Main\maki\SushiMi\Engine\TileMap\Map.cpp(317,62): warning C4244: 'argument': conversion from 'float' to 'int', possible loss of data
C:\Users\theas\Documents\GitHub\maki\Main\maki\SushiMi\Engine\TileMap\Map.cpp(327,104): warning C4244: 'argument': conversion from 'float' to 'int', possible loss of data
C:\Users\theas\Documents\GitHub\maki\Main\maki\SushiMi\Engine\TileMap\Map.cpp(327,62): warning C4244: 'argument': conversion from 'float' to 'int', possible loss of data
C:\Users\theas\Documents\GitHub\maki\Main\maki\SushiMi\Engine\TileMap\Map.cpp(337,104): warning C4244: 'argument': conversion from 'float' to 'int', possible loss of data
C:\Users\theas\Documents\GitHub\maki\Main\maki\SushiMi\Engine\TileMap\Map.cpp(337,62): warning C4244: 'argument': conversion from 'float' to 'int', possible loss of data
C:\Users\theas\Documents\GitHub\maki\Main\maki\SushiMi\Engine\TileMap\Map.cpp(347,104): warning C4244: 'argument': conversion from 'float' to 'int', possible loss of data
C:\Users\theas\Documents\GitHub\maki\Main\maki\SushiMi\Engine\TileMap\Map.cpp(347,62): warning C4244: 'argument': conversion from 'float' to 'int', possible loss of data
C:\Users\theas\Documents\GitHub\maki\Main\maki\SushiMi\Engine\TileMap\Map.cpp(357,104): warning C4244: 'argument': conversion from 'float' to 'int', possible loss of data
C:\Users\theas\Documents\GitHub\maki\Main\maki\SushiMi\Engine\TileMap\Map.cpp(357,62): warning C4244: 'argument': conversion from 'float' to 'int', possible loss of data
C:\Users\theas\Documents\GitHub\maki\Main\maki\SushiMi\Engine\TileMap\Map.cpp(367,104): warning C4244: 'argument': conversion from 'float' to 'int', possible loss of data
C:\Users\theas\Documents\GitHub\maki\Main\maki\SushiMi\Engine\TileMap\Map.cpp(367,62): warning C4244: 'argument': conversion from 'float' to 'int', possible loss of data
C:\Users\theas\Documents\GitHub\maki\Main\maki\SushiMi\Engine\TileMap\Map.cpp(377,104): warning C4244: 'argument': conversion from 'float' to 'int', possible loss of data
C:\Users\theas\Documents\GitHub\maki\Main\maki\SushiMi\Engine\TileMap\Map.cpp(377,62): warning C4244: 'argument': conversion from 'float' to 'int', possible loss of data
C:\Users\theas\Documents\GitHub\maki\Main\maki\SushiMi\Engine\TileMap\Map.cpp(388,104): warning C4244: 'argument': conversion from 'float' to 'int', possible loss of data
C:\Users\theas\Documents\GitHub\maki\Main\maki\SushiMi\Engine\TileMap\Map.cpp(388,62): warning C4244: 'argument': conversion from 'float' to 'int', possible loss of data
C:\Users\theas\Documents\GitHub\maki\Main\maki\SushiMi\Engine\TileMap\Map.cpp(399,104): warning C4244: 'argument': conversion from 'float' to 'int', possible loss of data
C:\Users\theas\Documents\GitHub\maki\Main\maki\SushiMi\Engine\TileMap\Map.cpp(399,62): warning C4244: 'argument': conversion from 'float' to 'int', possible loss of data
C:\Users\theas\Documents\GitHub\maki\Main\maki\SushiMi\Engine\TileMap\Map.cpp(526,107): warning C4244: 'argument': conversion from 'float' to 'int', possible loss of data
C:\Users\theas\Documents\GitHub\maki\Main\maki\SushiMi\Engine\TileMap\Map.cpp(526,58): warning C4244: 'argument': conversion from 'float' to 'int', possible loss of data
C:\Users\theas\Documents\GitHub\maki\Main\maki\SushiMi\Engine\TileMap\Map.cpp(697,103): warning C4244: 'argument': conversion from 'float' to 'int', possible loss of data
C:\Users\theas\Documents\GitHub\maki\Main\maki\SushiMi\Engine\TileMap\Map.cpp(697,58): warning C4244: 'argument': conversion from 'float' to 'int', possible loss of data
C:\Users\theas\Documents\GitHub\maki\Main\maki\SushiMi\Engine\TileMap\Map.cpp(860,87): warning C4244: 'argument': conversion from 'float' to 'int', possible loss of data
C:\Users\theas\Documents\GitHub\maki\Main\maki\SushiMi\Engine\TileMap\Map.cpp(860,55): warning C4244: 'argument': conversion from 'float' to 'int', possible loss of data
C:\Users\theas\Documents\GitHub\maki\Main\maki\SushiMi\Engine\TileMap\Map.cpp(1023,87): warning C4244: 'argument': conversion from 'float' to 'int', possible loss of data
C:\Users\theas\Documents\GitHub\maki\Main\maki\SushiMi\Engine\TileMap\Map.cpp(1023,55): warning C4244: 'argument': conversion from 'float' to 'int', possible loss of data
C:\Users\theas\Documents\GitHub\maki\Main\maki\SushiMi\Engine\Serialiser\JSONSerializer.cpp(124,28): warning C4459: declaration of 'transComp' hides global declaration
C:\Users\theas\Documents\GitHub\maki\Main\maki\SushiMi\Engine\Serialiser\JSONSerializer.h(39,20): message : see declaration of 'Core::transComp' (compiling source file Engine\Serialiser\JSONSerializer.cpp)
C:\Users\theas\Documents\GitHub\maki\Main\maki\SushiMi\Engine\Serialiser\JSONSerializer.cpp(190,46): warning C4267: 'argument': conversion from 'size_t' to 'rapidjson::SizeType', possible loss of data
C:\Users\theas\Documents\GitHub\maki\Main\maki\SushiMi\Engine\Serialiser\JSONSerializer.cpp(204,33): warning C4456: declaration of 'json_from_file' hides previous local declaration
C:\Users\theas\Documents\GitHub\maki\Main\maki\SushiMi\Engine\Serialiser\JSONSerializer.cpp(171,15): message : see declaration of 'json_from_file'
C:\Users\theas\Documents\GitHub\maki\Main\maki\SushiMi\Engine\Serialiser\JSONSerializer.cpp(234,4): warning C4456: declaration of 'i' hides previous local declaration
C:\Users\theas\Documents\GitHub\maki\Main\maki\SushiMi\Engine\Serialiser\JSONSerializer.cpp(188,26): message : see declaration of 'i'
C:\Users\theas\Documents\GitHub\maki\Main\maki\SushiMi\Engine\Serialiser\JSONSerializer.cpp(254,29): warning C4459: declaration of 'transComp' hides global declaration
C:\Users\theas\Documents\GitHub\maki\Main\maki\SushiMi\Engine\Serialiser\JSONSerializer.h(39,20): message : see declaration of 'Core::transComp' (compiling source file Engine\Serialiser\JSONSerializer.cpp)
C:\Users\theas\Documents\GitHub\maki\Main\maki\SushiMi\Engine\Serialiser\JSONSerializer.cpp(273,23): warning C4456: declaration of 'object' hides previous local declaration
C:\Users\theas\Documents\GitHub\maki\Main\maki\SushiMi\Engine\Serialiser\JSONSerializer.cpp(190,28): message : see declaration of 'object'
C:\Users\theas\Documents\GitHub\maki\Main\maki\SushiMi\Engine\Serialiser\JSONSerializer.cpp(363,53): warning C4244: '=': conversion from 'float' to 'int', possible loss of data
C:\Users\theas\Documents\GitHub\maki\Main\maki\SushiMi\Engine\Serialiser\JSONSerializer.cpp(364,53): warning C4244: '=': conversion from 'float' to 'int', possible loss of data
C:\Users\theas\Documents\GitHub\maki\Main\maki\SushiMi\src\SceneManager.cpp(34,41): warning C4100: 'dt': unreferenced formal parameter
C:\Users\theas\Documents\GitHub\maki\Main\maki\SushiMi\src\SceneManager.cpp(54,66): warning C4244: '=': conversion from 'int' to 'float', possible loss of data
C:\Users\theas\Documents\GitHub\maki\Main\maki\SushiMi\src\SceneManager.cpp(55,66): warning C4244: '=': conversion from 'int' to 'float', possible loss of data
C:\Users\theas\Documents\GitHub\maki\Main\maki\SushiMi\src\SceneManager.cpp(107,66): warning C4100: 'posY': unreferenced formal parameter
C:\Users\theas\Documents\GitHub\maki\Main\maki\SushiMi\src\SceneManager.cpp(107,56): warning C4100: 'posX': unreferenced formal parameter
C:\Users\theas\Documents\GitHub\maki\Main\maki\SushiMi\src\SceneManager.cpp(187,45): warning C4100: 'y': unreferenced formal parameter
C:\Users\theas\Documents\GitHub\maki\Main\maki\SushiMi\src\SceneManager.cpp(187,38): warning C4100: 'x': unreferenced formal parameter
C:\Users\theas\Documents\GitHub\maki\Main\maki\SushiMi\src\Window.cpp(67,73): warning C4100: 'mod': unreferenced formal parameter
C:\Users\theas\Documents\GitHub\maki\Main\maki\SushiMi\src\Window.cpp(67,33): warning C4100: 'window_ptr': unreferenced formal parameter
C:\Users\theas\Documents\GitHub\maki\Main\maki\SushiMi\src\Window.cpp(93,82): warning C4100: 'mod': unreferenced formal parameter
C:\Users\theas\Documents\GitHub\maki\Main\maki\SushiMi\src\Window.cpp(93,56): warning C4100: 'scancode': unreferenced formal parameter
C:\Users\theas\Documents\GitHub\maki\Main\maki\SushiMi\src\Window.cpp(93,31): warning C4100: 'window_ptr': unreferenced formal parameter
C:\Users\theas\Documents\GitHub\maki\Main\maki\SushiMi\src\Window.cpp(497,67): warning C4244: '=': conversion from 'int' to 'T', possible loss of data
          with
          [
              T=float
          ]
C:\Users\theas\Documents\GitHub\maki\Main\maki\SushiMi\src\Window.cpp(498,67): warning C4244: '=': conversion from 'int' to 'T', possible loss of data
          with
          [
              T=float
          ]
C:\Users\theas\Documents\GitHub\maki\Main\maki\SushiMi\src\main.cpp(136,14): warning C4100: 'userParam': unreferenced formal parameter
C:\Users\theas\Documents\GitHub\maki\Main\maki\SushiMi\src\main.cpp(134,10): warning C4100: 'length': unreferenced formal parameter
C:\Users\theas\Documents\GitHub\maki\Main\maki\SushiMi\src\main.cpp(132,9): warning C4100: 'id': unreferenced formal parameter
C:\Users\theas\Documents\GitHub\maki\Main\maki\SushiMi\src\main.cpp(130,24): warning C4100: 'source': unreferenced formal parameter
  Generating code
C:\Users\theas\Documents\GitHub\maki\Main\maki\lib\glm\glm\ext\matrix_clip_space.inl(61): warning C4723: potential divide by 0
C:\Users\theas\Documents\GitHub\maki\Main\maki\lib\glm\glm\ext\matrix_clip_space.inl(58): warning C4723: potential divide by 0
  526 of 4286 functions (12.3%) were compiled, the rest were copied from previous compilation.
    7 functions were new in current compilation
    212 functions had inline decision re-evaluated but remain unchanged
  Finished generating code
  SushiMi.vcxproj -> C:\Users\theas\Documents\GitHub\maki\Main\maki\x64\Release\SushiMi.exe
