c:\users\aurel\desktop\maki_clone\maki\merge attempt\maki\sushimi\x64\debug\audioengine.obj
c:\users\aurel\desktop\maki_clone\maki\merge attempt\maki\sushimi\x64\debug\debug.obj
c:\users\aurel\desktop\maki_clone\maki\merge attempt\maki\sushimi\x64\debug\systemframe.obj
c:\users\aurel\desktop\maki_clone\maki\merge attempt\maki\sushimi\x64\debug\matrix.obj
c:\users\aurel\desktop\maki_clone\maki\merge attempt\maki\sushimi\x64\debug\messaging.obj
c:\users\aurel\desktop\maki_clone\maki\merge attempt\maki\sushimi\x64\debug\transformer.obj
c:\users\aurel\desktop\maki_clone\maki\merge attempt\maki\sushimi\x64\debug\model.obj
c:\users\aurel\desktop\maki_clone\maki\merge attempt\maki\sushimi\x64\debug\log.obj
c:\users\aurel\desktop\maki_clone\maki\merge attempt\maki\sushimi\x64\debug\component.obj
c:\users\aurel\desktop\maki_clone\maki\merge attempt\maki\sushimi\x64\debug\timer.obj
c:\users\aurel\desktop\maki_clone\maki\merge attempt\maki\sushimi\x64\debug\imgui_demo.obj
c:\users\aurel\desktop\maki_clone\maki\merge attempt\maki\sushimi\x64\debug\jsonserializer.obj
c:\users\aurel\desktop\maki_clone\maki\merge attempt\maki\sushimi\x64\debug\transform.obj
c:\users\aurel\desktop\maki_clone\maki\merge attempt\maki\sushimi\x64\debug\collision.obj
c:\users\aurel\desktop\maki_clone\maki\merge attempt\maki\sushimi\x64\debug\imgui_impl_glfw.obj
c:\users\aurel\desktop\maki_clone\maki\merge attempt\maki\sushimi\x64\debug\glslshader.obj
c:\users\aurel\desktop\maki_clone\maki\merge attempt\maki\sushimi\x64\debug\input.obj
c:\users\aurel\desktop\maki_clone\maki\merge attempt\maki\sushimi\x64\debug\mono.obj
c:\users\aurel\desktop\maki_clone\maki\merge attempt\maki\sushimi\x64\debug\main.obj
c:\users\aurel\desktop\maki_clone\maki\merge attempt\maki\sushimi\x64\debug\imgui_widgets.obj
c:\users\aurel\desktop\maki_clone\maki\merge attempt\maki\sushimi\x64\debug\glapp.obj
c:\users\aurel\desktop\maki_clone\maki\merge attempt\maki\sushimi\x64\debug\factory.obj
c:\users\aurel\desktop\maki_clone\maki\merge attempt\maki\sushimi\x64\debug\gameobject.obj
c:\users\aurel\desktop\maki_clone\maki\merge attempt\maki\sushimi\x64\debug\imgui_impl_opengl3.obj
c:\users\aurel\desktop\maki_clone\maki\merge attempt\maki\sushimi\x64\debug\glhelper.obj
c:\users\aurel\desktop\maki_clone\maki\merge attempt\maki\sushimi\x64\debug\core.obj
c:\users\aurel\desktop\maki_clone\maki\merge attempt\maki\sushimi\x64\debug\imgui_draw.obj
c:\users\aurel\desktop\maki_clone\maki\merge attempt\maki\sushimi\x64\debug\camerasystem.obj
c:\users\aurel\desktop\maki_clone\maki\merge attempt\maki\sushimi\x64\debug\user.obj
c:\users\aurel\desktop\maki_clone\maki\merge attempt\maki\sushimi\x64\debug\gamewindow.obj
c:\users\aurel\desktop\maki_clone\maki\merge attempt\maki\sushimi\x64\debug\camera2d.obj
c:\users\aurel\desktop\maki_clone\maki\merge attempt\maki\sushimi\x64\debug\imgui_tables.obj
c:\users\aurel\desktop\maki_clone\maki\merge attempt\maki\sushimi\x64\debug\rttr.obj
c:\users\aurel\desktop\maki_clone\maki\merge attempt\maki\sushimi\x64\debug\imgui.obj
c:\users\aurel\desktop\maki_clone\maki\merge attempt\maki\sushimi\x64\debug\linkedlist.obj
c:\users\aurel\desktop\maki_clone\maki\merge attempt\maki\sushimi\x64\debug\physics.obj
c:\users\aurel\desktop\maki_clone\maki\merge attempt\maki\sushimi\x64\debug\renderer.obj
c:\users\aurel\desktop\maki_clone\maki\merge attempt\maki\sushimi\x64\debug\leveleditor.obj
c:\users\aurel\desktop\maki_clone\maki\merge attempt\maki\sushimi\x64\debug\vc142.idb
c:\users\aurel\desktop\maki_clone\maki\merge attempt\maki\sushimi\x64\debug\vc142.pdb
c:\users\aurel\desktop\maki_clone\maki\merge attempt\maki\sushimi\x64\debug\sushimi.tlog\cl.11260.write.1.tlog
c:\users\aurel\desktop\maki_clone\maki\merge attempt\maki\sushimi\x64\debug\sushimi.tlog\cl.command.1.tlog
c:\users\aurel\desktop\maki_clone\maki\merge attempt\maki\sushimi\x64\debug\sushimi.tlog\cl.read.1.tlog
