  imgui.cpp
  imgui_demo.cpp
  imgui_draw.cpp
  imgui_impl_glfw.cpp
  imgui_impl_opengl3.cpp
  imgui_tables.cpp
  imgui_widgets.cpp
  Debug.cpp
  LevelEditor.cpp
  Animation2D.cpp
  AudioEngine.cpp
  Camera2D.cpp
  Component.cpp
  collision.cpp
  Physics.cpp
  Rectangle.cpp
  Sprite.cpp
  Texture.cpp
  Transform.cpp
  Core.cpp
  Cutscene.cpp
  Factory.cpp
  Font.cpp
  GameSave.cpp
  Input.cpp
  model.cpp
  Messaging.cpp
  JSONSerializer.cpp
  ShaderLibrary.cpp
  ShaderProgram.cpp
  CameraSystem.cpp
  glhelper.cpp
  glslshader.cpp
  LinkedList.cpp
  PhysicSystem.cpp
  Renderer.cpp
  SystemFrame.cpp
  TextureSystem.cpp
  Transformer.cpp
  Map.cpp
  GameObject.cpp
  Player.cpp
  Level1.cpp
  Level10.cpp
  Level11.cpp
  Level2.cpp
  Level3.cpp
  Level4.cpp
  Level5.cpp
  Level6.cpp
  Level7.cpp
  Level8.cpp
  Level9.cpp
  LevelSelect.cpp
  TestLevel.cpp
  Tutorial1.cpp
  Tutorial2.cpp
  Log.cpp
  main.cpp
  Matrix.cpp
  SceneManager.cpp
  Window.cpp
  User.cpp
  GameWindow.cpp
C:\Users\toohu\OneDrive\Desktop\1175\maki\Main\maki\SushiMi\src\Window.cpp(161,49): warning C4458: declaration of 'ingredient' hides class member
C:\Users\toohu\OneDrive\Desktop\1175\maki\Main\maki\SushiMi\src\Window.h(250,25): message : see declaration of 'Core::Window::ingredient' (compiling source file src\Window.cpp)
C:\Users\toohu\OneDrive\Desktop\1175\maki\Main\maki\SushiMi\src\Window.cpp(194,43): warning C4458: declaration of 'ingredient' hides class member
C:\Users\toohu\OneDrive\Desktop\1175\maki\Main\maki\SushiMi\src\Window.h(250,25): message : see declaration of 'Core::Window::ingredient' (compiling source file src\Window.cpp)
  SushiMi.vcxproj -> C:\Users\toohu\OneDrive\Desktop\1175\maki\Main\maki\x64\Editor Mode\SushiMi.exe
