c:\users\theas\documents\github\maki\main\maki\sushimi\x64\editor mode\sprite.obj
c:\users\theas\documents\github\maki\main\maki\sushimi\x64\editor mode\level6.obj
c:\users\theas\documents\github\maki\main\maki\sushimi\x64\editor mode\camerasystem.obj
c:\users\theas\documents\github\maki\main\maki\sushimi\x64\editor mode\level2.obj
c:\users\theas\documents\github\maki\main\maki\sushimi\x64\editor mode\window.obj
c:\users\theas\documents\github\maki\main\maki\sushimi\x64\editor mode\jsonserializer.obj
c:\users\theas\documents\github\maki\main\maki\sushimi\x64\editor mode\level9.obj
c:\users\theas\documents\github\maki\main\maki\sushimi\x64\editor mode\audioengine.obj
c:\users\theas\documents\github\maki\main\maki\sushimi\x64\editor mode\map.obj
c:\users\theas\documents\github\maki\main\maki\sushimi\x64\editor mode\scenemanager.obj
c:\users\theas\documents\github\maki\main\maki\sushimi\x64\editor mode\core.obj
c:\users\theas\documents\github\maki\main\maki\sushimi\x64\editor mode\level1.obj
c:\users\theas\documents\github\maki\main\maki\sushimi\x64\editor mode\tutorial2.obj
c:\users\theas\documents\github\maki\main\maki\sushimi\x64\editor mode\glhelper.obj
c:\users\theas\documents\github\maki\main\maki\sushimi\x64\editor mode\level3.obj
c:\users\theas\documents\github\maki\main\maki\sushimi\x64\editor mode\main.obj
c:\users\theas\documents\github\maki\main\maki\sushimi\x64\editor mode\factory.obj
c:\users\theas\documents\github\maki\main\maki\sushimi\x64\editor mode\level7.obj
c:\users\theas\documents\github\maki\main\maki\sushimi\x64\editor mode\transform.obj
c:\users\theas\documents\github\maki\main\maki\sushimi\x64\editor mode\level5.obj
c:\users\theas\documents\github\maki\main\maki\sushimi\x64\editor mode\physicsystem.obj
c:\users\theas\documents\github\maki\main\maki\sushimi\x64\editor mode\player.obj
c:\users\theas\documents\github\maki\main\maki\sushimi\x64\editor mode\tutorial1.obj
c:\users\theas\documents\github\maki\main\maki\sushimi\x64\editor mode\leveleditor.obj
c:\users\theas\documents\github\maki\main\maki\sushimi\x64\editor mode\level8.obj
c:\users\theas\documents\github\maki\main\maki\sushimi\x64\editor mode\component.obj
c:\users\theas\documents\github\maki\main\maki\sushimi\x64\editor mode\level4.obj
c:\users\theas\documents\github\maki\main\maki\sushimi\x64\editor mode\transformer.obj
c:\users\theas\documents\github\maki\main\maki\sushimi\x64\editor mode\gameobject.obj
c:\users\theas\documents\github\maki\main\maki\sushimi\x64\editor mode\testlevel.obj
c:\users\theas\documents\github\maki\main\maki\sushimi\x64\editor mode\glslshader.obj
c:\users\theas\documents\github\maki\main\maki\sushimi\x64\editor mode\level10.obj
c:\users\theas\documents\github\maki\main\maki\sushimi\x64\editor mode\level11.obj
c:\users\theas\documents\github\maki\main\maki\sushimi\x64\editor mode\imgui_impl_glfw.obj
c:\users\theas\documents\github\maki\main\maki\sushimi\x64\editor mode\texture.obj
c:\users\theas\documents\github\maki\main\maki\sushimi\x64\editor mode\model.obj
c:\users\theas\documents\github\maki\main\maki\sushimi\x64\editor mode\imgui_impl_opengl3.obj
c:\users\theas\documents\github\maki\main\maki\sushimi\x64\editor mode\shaderprogram.obj
c:\users\theas\documents\github\maki\main\maki\sushimi\x64\editor mode\debug.obj
c:\users\theas\documents\github\maki\main\maki\sushimi\x64\editor mode\font.obj
c:\users\theas\documents\github\maki\main\maki\sushimi\x64\editor mode\imgui_draw.obj
c:\users\theas\documents\github\maki\main\maki\sushimi\x64\editor mode\rectangle.obj
c:\users\theas\documents\github\maki\main\maki\sushimi\x64\editor mode\cutscene.obj
c:\users\theas\documents\github\maki\main\maki\sushimi\x64\editor mode\renderer.obj
c:\users\theas\documents\github\maki\main\maki\sushimi\x64\editor mode\camera2d.obj
c:\users\theas\documents\github\maki\main\maki\sushimi\x64\editor mode\input.obj
c:\users\theas\documents\github\maki\main\maki\sushimi\x64\editor mode\systemframe.obj
c:\users\theas\documents\github\maki\main\maki\sushimi\x64\editor mode\imgui_tables.obj
c:\users\theas\documents\github\maki\main\maki\sushimi\x64\editor mode\physics.obj
c:\users\theas\documents\github\maki\main\maki\sushimi\x64\editor mode\matrix.obj
c:\users\theas\documents\github\maki\main\maki\sushimi\x64\editor mode\imgui.obj
c:\users\theas\documents\github\maki\main\maki\sushimi\x64\editor mode\linkedlist.obj
c:\users\theas\documents\github\maki\main\maki\sushimi\x64\editor mode\log.obj
c:\users\theas\documents\github\maki\main\maki\sushimi\x64\editor mode\imgui_widgets.obj
c:\users\theas\documents\github\maki\main\maki\sushimi\x64\editor mode\user.obj
c:\users\theas\documents\github\maki\main\maki\sushimi\x64\editor mode\gamewindow.obj
c:\users\theas\documents\github\maki\main\maki\sushimi\x64\editor mode\imgui_demo.obj
c:\users\theas\documents\github\maki\main\maki\sushimi\x64\editor mode\collision.obj
c:\users\theas\documents\github\maki\main\maki\sushimi\x64\editor mode\shaderlibrary.obj
c:\users\theas\documents\github\maki\main\maki\sushimi\x64\editor mode\texturesystem.obj
c:\users\theas\documents\github\maki\main\maki\sushimi\x64\editor mode\animation2d.obj
c:\users\theas\documents\github\maki\main\maki\sushimi\x64\editor mode\messaging.obj
c:\users\theas\documents\github\maki\main\maki\sushimi\x64\editor mode\vc142.pdb
c:\users\theas\documents\github\maki\main\maki\x64\editor mode\sushimi.exe
c:\users\theas\documents\github\maki\main\maki\sushimi\x64\editor mode\sushimi.ilk
c:\users\theas\documents\github\maki\main\maki\x64\editor mode\sushimi.pdb
c:\users\theas\documents\github\maki\main\maki\sushimi\x64\editor mode\vc142.idb
c:\users\theas\documents\github\maki\main\maki\sushimi\x64\editor mode\sushimi.tlog\cl.command.1.tlog
c:\users\theas\documents\github\maki\main\maki\sushimi\x64\editor mode\sushimi.tlog\cl.read.1.tlog
c:\users\theas\documents\github\maki\main\maki\sushimi\x64\editor mode\sushimi.tlog\cl.write.1.tlog
c:\users\theas\documents\github\maki\main\maki\sushimi\x64\editor mode\sushimi.tlog\link.command.1.tlog
c:\users\theas\documents\github\maki\main\maki\sushimi\x64\editor mode\sushimi.tlog\link.read.1.tlog
c:\users\theas\documents\github\maki\main\maki\sushimi\x64\editor mode\sushimi.tlog\link.write.1.tlog
